D:\HIS_Autobuild\ExtendSource\HIS_APP: 
正在復原 編輯: App.config
正在復原 編輯: HIS_APP.vbproj
正在復原 編輯: HIS_APP.vbproj.user
正在復原 編輯: HisVerUpdate.exe.config

D:\HIS_Autobuild\OPD_Developer\OPDAPP: 
正在復原 編輯: App.config
正在復原 編輯: OPDAPP.vbproj

D:\HIS_Autobuild\SyscomCompile\Common: 
正在復原 編輯: CDR.Comm.Setting.dll
正在復原 編輯: CDR.Comm.TableFactory.dll
正在復原 編輯: CDR.Comm.Transformer.dll
正在復原 編輯: CDR.Comm.Utility.dll
正在復原 編輯: EFS.Comm.RPT.dll
正在復原 編輯: EFS.Comm.Settings.dll
正在復原 編輯: EFS.Comm.TableFactory.dll
正在復原 編輯: EFS.Comm.Utility.dll
正在復原 編輯: EIS.Comm.RPT.dll
正在復原 編輯: EIS.Comm.Settings.dll
正在復原 編輯: EIS.Comm.TableFactory.dll
正在復原 編輯: EMR.Comm.TableFactory.dll
正在復原 編輯: HIS.Comm.RPT.dll
正在復原 編輯: HIS.Comm.TableFactory.dll
正在復原 編輯: LIS.Comm.RPT.dll
正在復原 編輯: LIS.Comm.TableFactory.dll
正在復原 編輯: NIS.Comm.RPT.dll
正在復原 編輯: NIS.Comm.TableFactory.dll
正在復原 編輯: NIS.Comm.Utility.dll
正在復原 編輯: OPD.Comm.RPT.dll
正在復原 編輯: OPD.Comm.Settings.dll
正在復原 編輯: OPD.Comm.TableFactory.dll
正在復原 編輯: OPD.Comm.Utility.dll
正在復原 編輯: PCS.Comm.RPT.dll
正在復原 編輯: PCS.Comm.Settings.dll
正在復原 編輯: PCS.Comm.TableFactory.dll
正在復原 編輯: PIP.Comm.RPT.dll
正在復原 編輯: PIP.Comm.TableFactory.dll
正在復原 編輯: Syscom.Comm.BASE.dll
正在復原 編輯: Syscom.Comm.EXP.dll
正在復原 編輯: Syscom.Comm.LOG.dll
正在復原 編輯: Syscom.Comm.RPT.dll
正在復原 編輯: Syscom.Comm.TableFactory.dll
正在復原 編輯: Syscom.Comm.Utility.dll
